  RaylibTemplate.cpp
LINK : warning LNK4098: la biblioteca predeterminada'MSVCRTD' entra en conflicto con otras bibliotecas; use la biblioteca /NODEFAULTLIB:biblioteca
raylib_static.lib(core.obj) : error LNK2001: símbolo externo __imp_floor sin resolver
raylib_static.lib(text.obj) : error LNK2001: símbolo externo __imp_floor sin resolver
raylib_static.lib(textures.obj) : error LNK2001: símbolo externo __imp_floor sin resolver
raylib_static.lib(core.obj) : error LNK2001: símbolo externo __imp_round sin resolver
raylib_static.lib(textures.obj) : error LNK2001: símbolo externo __imp_round sin resolver
raylib_static.lib(core.obj) : error LNK2001: símbolo externo __imp_fmaxf sin resolver
raylib_static.lib(models.obj) : error LNK2001: símbolo externo __imp_fmaxf sin resolver
raylib_static.lib(core.obj) : error LNK2001: símbolo externo __imp_fminf sin resolver
raylib_static.lib(models.obj) : error LNK2001: símbolo externo __imp_fminf sin resolver
raylib_static.lib(core.obj) : error LNK2001: símbolo externo __imp_sqrtf sin resolver
raylib_static.lib(shapes.obj) : error LNK2001: símbolo externo __imp_sqrtf sin resolver
raylib_static.lib(models.obj) : error LNK2001: símbolo externo __imp_sqrtf sin resolver
raylib_static.lib(text.obj) : error LNK2001: símbolo externo __imp_sqrtf sin resolver
raylib_static.lib(core.obj) : error LNK2001: símbolo externo __imp_fopen_s sin resolver
raylib_static.lib(textures.obj) : error LNK2001: símbolo externo __imp_fopen_s sin resolver
raylib_static.lib(core.obj) : error LNK2001: símbolo externo __imp_fopen sin resolver
raylib_static.lib(models.obj) : error LNK2001: símbolo externo __imp_fopen sin resolver
raylib_static.lib(text.obj) : error LNK2001: símbolo externo __imp_fopen sin resolver
raylib_static.lib(textures.obj) : error LNK2001: símbolo externo __imp_fopen sin resolver
raylib_static.lib(core.obj) : error LNK2001: símbolo externo __imp_fputs sin resolver
raylib_static.lib(core.obj) : error LNK2001: símbolo externo __imp_fread sin resolver
raylib_static.lib(models.obj) : error LNK2001: símbolo externo __imp_fread sin resolver
raylib_static.lib(text.obj) : error LNK2001: símbolo externo __imp_fread sin resolver
raylib_static.lib(textures.obj) : error LNK2001: símbolo externo __imp_fread sin resolver
raylib_static.lib(core.obj) : error LNK2001: símbolo externo __imp_fseek sin resolver
raylib_static.lib(models.obj) : error LNK2001: símbolo externo __imp_fseek sin resolver
raylib_static.lib(text.obj) : error LNK2001: símbolo externo __imp_fseek sin resolver
raylib_static.lib(textures.obj) : error LNK2001: símbolo externo __imp_fseek sin resolver
raylib_static.lib(core.obj) : error LNK2001: símbolo externo __imp_ftell sin resolver
raylib_static.lib(models.obj) : error LNK2001: símbolo externo __imp_ftell sin resolver
raylib_static.lib(text.obj) : error LNK2001: símbolo externo __imp_ftell sin resolver
raylib_static.lib(textures.obj) : error LNK2001: símbolo externo __imp_ftell sin resolver
raylib_static.lib(core.obj) : error LNK2001: símbolo externo __imp_fwrite sin resolver
raylib_static.lib(textures.obj) : error LNK2001: símbolo externo __imp_fwrite sin resolver
raylib_static.lib(core.obj) : error LNK2001: símbolo externo __imp_rewind sin resolver
raylib_static.lib(core.obj) : error LNK2001: símbolo externo __imp___stdio_common_vsscanf sin resolver
raylib_static.lib(models.obj) : error LNK2001: símbolo externo __imp___stdio_common_vsscanf sin resolver
raylib_static.lib(text.obj) : error LNK2001: símbolo externo __imp___stdio_common_vsscanf sin resolver
raylib_static.lib(context.obj) : error LNK2001: símbolo externo __imp___stdio_common_vsscanf sin resolver
raylib_static.lib(input.obj) : error LNK2001: símbolo externo __imp_realloc sin resolver
raylib_static.lib(win32_monitor.obj) : error LNK2001: símbolo externo __imp_realloc sin resolver
raylib_static.lib(core.obj) : error LNK2001: símbolo externo __imp_realloc sin resolver
raylib_static.lib(models.obj) : error LNK2001: símbolo externo __imp_realloc sin resolver
raylib_static.lib(textures.obj) : error LNK2001: símbolo externo __imp_realloc sin resolver
raylib_static.lib(monitor.obj) : error LNK2001: símbolo externo __imp_realloc sin resolver
raylib_static.lib(core.obj) : error LNK2001: símbolo externo __imp_srand sin resolver
raylib_static.lib(core.obj) : error LNK2001: símbolo externo __imp_rand sin resolver
raylib_static.lib(models.obj) : error LNK2001: símbolo externo __imp_rand sin resolver
raylib_static.lib(core.obj) : error LNK2001: símbolo externo __imp_system sin resolver
raylib_static.lib(window.obj) : error LNK2001: símbolo externo __imp_strncpy sin resolver
raylib_static.lib(input.obj) : error LNK2001: símbolo externo __imp_strncpy sin resolver
raylib_static.lib(win32_joystick.obj) : error LNK2001: símbolo externo __imp_strncpy sin resolver
raylib_static.lib(core.obj) : error LNK2001: símbolo externo __imp_strncpy sin resolver
raylib_static.lib(models.obj) : error LNK2001: símbolo externo __imp_strncpy sin resolver
raylib_static.lib(text.obj) : error LNK2001: símbolo externo __imp_strncpy sin resolver
raylib_static.lib(textures.obj) : error LNK2001: símbolo externo __imp_strncpy sin resolver
raylib_static.lib(core.obj) : error LNK2001: símbolo externo __imp__time64 sin resolver
raylib_static.lib(core.obj) : error LNK2001: símbolo externo __imp__stat64i32 sin resolver
raylib_static.lib(core.obj) : error LNK2001: símbolo externo __imp__access sin resolver
raylib_static.lib(core.obj) : error LNK2001: símbolo externo __imp__findclose sin resolver
raylib_static.lib(core.obj) : error LNK2001: símbolo externo __imp__findfirst64i32 sin resolver
raylib_static.lib(core.obj) : error LNK2001: símbolo externo __imp__findnext64i32 sin resolver
raylib_static.lib(core.obj) : error LNK2001: símbolo externo __imp__getcwd sin resolver
raylib_static.lib(core.obj) : error LNK2001: símbolo externo __imp__chdir sin resolver
raylib_static.lib(shapes.obj) : error LNK2001: símbolo externo __imp_ceilf sin resolver
raylib_static.lib(text.obj) : error LNK2001: símbolo externo __imp_ceilf sin resolver
raylib_static.lib(textures.obj) : error LNK2001: símbolo externo __imp_ceilf sin resolver
raylib_static.lib(models.obj) : error LNK2001: símbolo externo __imp_fgets sin resolver
raylib_static.lib(text.obj) : error LNK2001: símbolo externo __imp_fgets sin resolver
raylib_static.lib(models.obj) : error LNK2001: símbolo externo __imp_puts sin resolver
raylib_static.lib(models.obj) : error LNK2001: símbolo externo __imp_atof sin resolver
raylib_static.lib(models.obj) : error LNK2001: símbolo externo __imp_strerror sin resolver
raylib_static.lib(models.obj) : error LNK2001: símbolo externo __imp_strspn sin resolver
raylib_static.lib(input.obj) : error LNK2001: símbolo externo __imp_strspn sin resolver
raylib_static.lib(models.obj) : error LNK2001: símbolo externo __imp_strtok sin resolver
raylib_static.lib(models.obj) : error LNK2001: símbolo externo __imp_fmax sin resolver
raylib_static.lib(textures.obj) : error LNK2001: símbolo externo __imp_fmax sin resolver
raylib_static.lib(models.obj) : error LNK2001: símbolo externo __imp_fmin sin resolver
raylib_static.lib(textures.obj) : error LNK2001: símbolo externo __imp_fmin sin resolver
raylib_static.lib(vulkan.obj) : error LNK2001: símbolo externo __imp__wassert sin resolver
raylib_static.lib(wgl_context.obj) : error LNK2001: símbolo externo __imp__wassert sin resolver
raylib_static.lib(egl_context.obj) : error LNK2001: símbolo externo __imp__wassert sin resolver
raylib_static.lib(osmesa_context.obj) : error LNK2001: símbolo externo __imp__wassert sin resolver
raylib_static.lib(window.obj) : error LNK2001: símbolo externo __imp__wassert sin resolver
raylib_static.lib(input.obj) : error LNK2001: símbolo externo __imp__wassert sin resolver
raylib_static.lib(context.obj) : error LNK2001: símbolo externo __imp__wassert sin resolver
raylib_static.lib(win32_thread.obj) : error LNK2001: símbolo externo __imp__wassert sin resolver
raylib_static.lib(models.obj) : error LNK2001: símbolo externo __imp__wassert sin resolver
raylib_static.lib(text.obj) : error LNK2001: símbolo externo __imp__wassert sin resolver
raylib_static.lib(textures.obj) : error LNK2001: símbolo externo __imp__wassert sin resolver
raylib_static.lib(monitor.obj) : error LNK2001: símbolo externo __imp__wassert sin resolver
raylib_static.lib(text.obj) : error LNK2001: símbolo externo __imp_strncat sin resolver
raylib_static.lib(text.obj) : error LNK2001: símbolo externo __imp_logf sin resolver
raylib_static.lib(textures.obj) : error LNK2001: símbolo externo __imp_logf sin resolver
raylib_static.lib(textures.obj) : error LNK2001: símbolo externo __imp_strtod sin resolver
raylib_static.lib(textures.obj) : error LNK2001: símbolo externo __imp_feof sin resolver
raylib_static.lib(textures.obj) : error LNK2001: símbolo externo __imp_frexp sin resolver
raylib_static.lib(textures.obj) : error LNK2001: símbolo externo __imp_hypot sin resolver
raylib_static.lib(textures.obj) : error LNK2001: símbolo externo __imp_ldexp sin resolver
raylib_static.lib(textures.obj) : error LNK2001: símbolo externo __imp__hypotf sin resolver
raylib_static.lib(input.obj) : error LNK2001: símbolo externo __imp_strcspn sin resolver
raylib_static.lib(win32_monitor.obj) : error LNK2001: símbolo externo __imp_wcscpy sin resolver
C:\Users\Maxi\source\repos\RaylibTemplate\x64\Release\RaylibTemplate.exe : fatal error LNK1120: 47 externos sin resolver
